0 info it worked if it ends with ok
1 verbose cli [ 'C:\\Program Files\\nodejs\\node.exe',
1 verbose cli   'C:\\Program Files\\nodejs\\node_modules\\npm\\bin\\npm-cli.js',
1 verbose cli   'start' ]
2 info using npm@3.10.10
3 info using node@v6.11.2
4 verbose config Skipping project config: C:\Users\LihleMdikili/.npmrc. (matches userconfig)
5 verbose run-script [ 'prestart', 'start', 'poststart' ]
6 info lifecycle my-first-mean-app@0.0.1~prestart: my-first-mean-app@0.0.1
7 silly lifecycle my-first-mean-app@0.0.1~prestart: no script for prestart, continuing
8 info lifecycle my-first-mean-app@0.0.1~start: my-first-mean-app@0.0.1
9 verbose lifecycle my-first-mean-app@0.0.1~start: unsafe-perm in lifecycle true
10 verbose lifecycle my-first-mean-app@0.0.1~start: PATH: C:\Program Files\nodejs\node_modules\npm\bin\node-gyp-bin;C:\Users\LihleMdikili\node_modules\.bin;C:\ProgramData\Oracle\Java\javapath;C:\Program Files (x86)\Intel\iCLS Client\;C:\Program Files\Intel\iCLS Client\;C:\windows\system32;C:\windows;C:\windows\System32\Wbem;C:\windows\System32\WindowsPowerShell\v1.0\;C:\Program Files (x86)\Intel\Intel(R) Management Engine Components\DAL;C:\Program Files\Intel\Intel(R) Management Engine Components\DAL;C:\Program Files (x86)\Intel\Intel(R) Management Engine Components\IPT;C:\Program Files\Intel\Intel(R) Management Engine Components\IPT;C:\Program Files\Intel\WiFi\bin\;C:\Program Files\Common Files\Intel\WirelessCommon\;C:\Program Files (x86)\Lenovo\Access Connections\;C:\Program Files (x86)\Common Files\Lenovo;C:\ProgramData\Lenovo\ReadyApps;C:\Program Files (x86)\Brackets\command;C:\Program Files\Lenovo\Fingerprint Manager Pro\;C:\Program Files\Git\cmd;C:\Program Files\nodejs\;C:\Program Files (x86)\GtkSharp\2.12\bin;C:\Users\LihleMdikili\AppData\Local\GitHubDesktop\bin; C:\Users\LihleMdikili\AppData\Roaming\npm\node_modules;C:\Users\LihleMdikili\AppData\Roaming\npm;C:\Program Files\Microsoft VS Code\bin
11 verbose lifecycle my-first-mean-app@0.0.1~start: CWD: C:\Users\LihleMdikili
12 silly lifecycle my-first-mean-app@0.0.1~start: Args: [ '/d /s /c', 'grunt' ]
13 silly lifecycle my-first-mean-app@0.0.1~start: Returned: code: 99  signal: null
14 info lifecycle my-first-mean-app@0.0.1~start: Failed to exec start script
15 verbose stack Error: my-first-mean-app@0.0.1 start: `grunt`
15 verbose stack Exit status 99
15 verbose stack     at EventEmitter.<anonymous> (C:\Program Files\nodejs\node_modules\npm\lib\utils\lifecycle.js:255:16)
15 verbose stack     at emitTwo (events.js:106:13)
15 verbose stack     at EventEmitter.emit (events.js:191:7)
15 verbose stack     at ChildProcess.<anonymous> (C:\Program Files\nodejs\node_modules\npm\lib\utils\spawn.js:40:14)
15 verbose stack     at emitTwo (events.js:106:13)
15 verbose stack     at ChildProcess.emit (events.js:191:7)
15 verbose stack     at maybeClose (internal/child_process.js:891:16)
15 verbose stack     at Process.ChildProcess._handle.onexit (internal/child_process.js:226:5)
16 verbose pkgid my-first-mean-app@0.0.1
17 verbose cwd C:\Users\LihleMdikili\Documents\angular\carrotapp-Dev-Zahirah-Ernst
18 error Windows_NT 6.1.7601
19 error argv "C:\\Program Files\\nodejs\\node.exe" "C:\\Program Files\\nodejs\\node_modules\\npm\\bin\\npm-cli.js" "start"
20 error node v6.11.2
21 error npm  v3.10.10
22 error code ELIFECYCLE
23 error my-first-mean-app@0.0.1 start: `grunt`
23 error Exit status 99
24 error Failed at the my-first-mean-app@0.0.1 start script 'grunt'.
24 error Make sure you have the latest version of node.js and npm installed.
24 error If you do, this is most likely a problem with the my-first-mean-app package,
24 error not with npm itself.
24 error Tell the author that this fails on your system:
24 error     grunt
24 error You can get information on how to open an issue for this project with:
24 error     npm bugs my-first-mean-app
24 error Or if that isn't available, you can get their info via:
24 error     npm owner ls my-first-mean-app
24 error There is likely additional logging output above.
25 verbose exit [ 1, true ]
